c:\development\vs_workspace\algorithmvstudio\project1\x64\debug\vc140.pdb
c:\development\vs_workspace\algorithmvstudio\project1\x64\debug\vc140.idb
c:\development\vs_workspace\algorithmvstudio\project1\x64\debug\narray-tree-traversal.obj
c:\development\vs_workspace\algorithmvstudio\project1\x64\debug\pascaltriangleimplementation.obj
c:\development\vs_workspace\algorithmvstudio\project1\x64\debug\semaphoreimplementation.obj
c:\development\vs_workspace\algorithmvstudio\project1\x64\debug\lrucache.obj
c:\development\vs_workspace\algorithmvstudio\project1\x64\debug\main.obj
c:\development\vs_workspace\algorithmvstudio\project1\x64\debug\memcpy.obj
c:\development\vs_workspace\algorithmvstudio\project1\x64\debug\messagedecode.obj
c:\development\vs_workspace\algorithmvstudio\project1\x64\debug\movierecommendationalgorithm.obj
c:\development\vs_workspace\algorithmvstudio\project1\x64\debug\onscreenkeypad.obj
c:\development\vs_workspace\algorithmvstudio\project1\x64\debug\phonekeymapper.obj
c:\development\vs_workspace\algorithmvstudio\project1\x64\debug\producerconsumer.obj
c:\development\vs_workspace\algorithmvstudio\project1\x64\debug\servermessagingshortest.obj
c:\development\vs_workspace\algorithmvstudio\project1\x64\debug\singletonpatternvsstatic.obj
c:\development\vs_workspace\algorithmvstudio\project1\x64\debug\streamingvideoapp.obj
c:\development\vs_workspace\algorithmvstudio\project1\x64\debug\tcpvsudp.obj
c:\development\vs_workspace\algorithmvstudio\project1\x64\debug\template.obj
c:\development\vs_workspace\algorithmvstudio\project1\x64\debug\tree.obj
c:\development\vs_workspace\algorithmvstudio\project1\x64\debug\unicode.obj
c:\development\vs_workspace\algorithmvstudio\project1\x64\debug\virtualmemoryallocator.obj
c:\development\vs_workspace\algorithmvstudio\project1\x64\debug\yourmostchallenging.obj
c:\development\vs_workspace\algorithmvstudio\project1\x64\debug\bigintegercalculator.obj
c:\development\vs_workspace\algorithmvstudio\project1\x64\debug\bitblit.obj
c:\development\vs_workspace\algorithmvstudio\project1\x64\debug\bits.obj
c:\development\vs_workspace\algorithmvstudio\project1\x64\debug\cppcheatsheet.obj
c:\development\vs_workspace\algorithmvstudio\project1\x64\debug\crawler.obj
c:\development\vs_workspace\algorithmvstudio\project1\x64\debug\differencebetweenhashcingandencryption.obj
c:\development\vs_workspace\algorithmvstudio\project1\x64\debug\distributedsystemloadbalancing.obj
c:\development\vs_workspace\algorithmvstudio\project1\x64\debug\dnsdesign.obj
c:\development\vs_workspace\algorithmvstudio\project1\x64\debug\enternbawhatwillhappen.obj
c:\development\vs_workspace\algorithmvstudio\project1\x64\debug\fibonacci_like.obj
c:\development\vs_workspace\algorithmvstudio\project1\x64\debug\filesystemdesign.obj
c:\development\vs_workspace\algorithmvstudio\project1\x64\debug\gargabecollectionsystem.obj
c:\development\vs_workspace\algorithmvstudio\project1\x64\debug\graph.obj
c:\development\vs_workspace\algorithmvstudio\project1\x64\debug\hash.obj
c:\development\vs_workspace\algorithmvstudio\project1\x64\debug\heap.obj
c:\development\vs_workspace\algorithmvstudio\project1\x64\debug\howpingworks.obj
c:\development\vs_workspace\algorithmvstudio\project1\x64\debug\httpsession.obj
c:\development\vs_workspace\algorithmvstudio\project1\x64\debug\implementingcachingproxyserver.obj
c:\development\vs_workspace\algorithmvstudio\project1\x64\debug\linkedlist.obj
c:\development\vs_workspace\algorithmvstudio\project1\x64\debug\mergesort.obj
c:\development\vs_workspace\algorithmvstudio\project1\x64\debug\1g1m.obj
c:\development\vs_workspace\algorithmvstudio\project1\x64\debug\a program to check if a binary tree is bst or not.obj
c:\development\vs_workspace\algorithmvstudio\project1\x64\debug\atoi.obj
c:\development\vs_workspace\algorithmvstudio\project1\x64\debug\avltree.obj
c:\development\vs_workspace\algorithmvstudio\project1\x64\debug\bethandbeyond.obj
c:\development\vs_workspace\algorithmvstudio\x64\debug\algorithmpreparation.ilk
c:\development\vs_workspace\algorithmvstudio\x64\debug\algorithmpreparation.exe
c:\windows\pcdrm\dump\20170930_nfd01.log
c:\development\vs_workspace\algorithmvstudio\x64\debug\algorithmpreparation.pdb
c:\development\vs_workspace\algorithmvstudio\project1\x64\debug\algorith.8440eed5.tlog\cl.command.1.tlog
c:\development\vs_workspace\algorithmvstudio\project1\x64\debug\algorith.8440eed5.tlog\cl.read.1.tlog
c:\development\vs_workspace\algorithmvstudio\project1\x64\debug\algorith.8440eed5.tlog\cl.write.1.tlog
c:\development\vs_workspace\algorithmvstudio\project1\x64\debug\algorith.8440eed5.tlog\link.command.1.tlog
c:\development\vs_workspace\algorithmvstudio\project1\x64\debug\algorith.8440eed5.tlog\link.read.1.tlog
c:\development\vs_workspace\algorithmvstudio\project1\x64\debug\algorith.8440eed5.tlog\link.write.1.tlog
